<?xml version="1.0" encoding="UTF-8"?>
<!-- Generated by org.testng.reporters.JUnitReportReporter -->
<testsuite hostname="Sahith" failures="0" tests="1" name="com.inetbanking.TestCases.TC_02_AddCustomertest" time="36.387" errors="0" timestamp="2023-01-04T13:05:42 IST" skipped="0">
  <testcase classname="com.inetbanking.TestCases.TC_02_AddCustomertest" name="addcustomertest" time="36.387"/>
  <system-out/>
</testsuite> <!-- com.inetbanking.TestCases.TC_02_AddCustomertest -->
