<?xml version="1.0" encoding="UTF-8"?>
<!-- Generated by org.testng.reporters.JUnitReportReporter -->
<testsuite hostname="Sahith" failures="0" tests="1" name="com.inetbanking.TestCases.TC_01_logintest" time="9.854" errors="0" timestamp="2023-01-03T16:35:09 IST" skipped="0">
  <testcase classname="com.inetbanking.TestCases.TC_01_logintest" name="loginTest" time="9.854"/>
  <system-out/>
</testsuite> <!-- com.inetbanking.TestCases.TC_01_logintest -->
