<?xml version="1.0" encoding="UTF-8"?>
<!-- Generated by org.testng.reporters.JUnitReportReporter -->
<testsuite hostname="Sahith" failures="0" tests="1" name="com.inetbanking.TestCases.TC_01_logintest" time="10.962" errors="0" timestamp="2023-01-04T13:08:51 IST" skipped="0">
  <testcase classname="com.inetbanking.TestCases.TC_01_logintest" name="loginTest" time="10.962"/>
  <system-out/>
</testsuite> <!-- com.inetbanking.TestCases.TC_01_logintest -->
